SF:lib/home/service/data.dart
DA:3,2
DA:4,2
DA:5,2
DA:7,2
DA:15,2
DA:16,2
DA:19,4
DA:20,4
DA:23,4
DA:24,4
DA:27,6
DA:28,4
DA:29,4
DA:30,6
DA:31,2
DA:33,4
DA:34,4
DA:41,2
DA:42,2
DA:43,2
DA:46,2
DA:54,2
DA:55,2
DA:58,4
DA:59,4
DA:62,4
DA:63,4
DA:66,6
DA:67,4
DA:68,4
DA:69,6
DA:70,2
DA:72,4
LF:33
LH:33
end_of_record
SF:lib/home/home_page.dart
DA:8,2
DA:10,1
DA:11,1
DA:19,1
DA:20,2
DA:21,1
DA:23,2
DA:25,2
DA:26,2
DA:28,2
DA:29,1
DA:33,1
DA:35,1
DA:36,1
DA:39,1
DA:41,1
DA:42,1
DA:43,1
DA:44,1
DA:45,1
DA:46,1
DA:48,1
DA:49,1
DA:51,1
DA:53,1
DA:54,1
DA:56,1
DA:58,1
DA:76,1
DA:78,1
DA:79,4
DA:80,1
DA:82,2
DA:85,1
DA:88,1
DA:90,1
DA:95,1
DA:97,1
DA:106,1
DA:108,1
DA:109,2
DA:115,1
DA:116,1
LF:43
LH:43
end_of_record
SF:lib/home/widgets/payment_categories_card.dart
DA:5,1
DA:7,1
DA:12,1
DA:14,1
DA:17,1
DA:18,1
DA:19,4
DA:20,1
DA:21,1
DA:22,1
DA:25,2
DA:28,1
DA:29,1
DA:30,1
DA:31,1
DA:32,1
DA:38,6
DA:39,1
DA:47,1
DA:48,2
DA:49,1
DA:53,1
DA:55,1
DA:57,1
DA:58,1
DA:60,1
DA:61,4
DA:64,1
DA:65,4
DA:70,1
DA:72,1
DA:73,5
DA:76,5
DA:88,1
DA:89,5
DA:95,1
DA:103,1
DA:108,1
DA:109,1
DA:112,1
DA:113,1
DA:114,1
DA:117,1
DA:118,1
LF:44
LH:44
end_of_record
SF:lib/home/widgets/transactions_list.dart
DA:5,1
DA:6,1
DA:10,1
DA:12,1
DA:16,1
DA:17,1
DA:19,1
DA:21,1
DA:22,1
DA:23,1
DA:24,1
DA:25,4
DA:26,4
DA:31,1
DA:37,1
DA:39,1
DA:40,1
DA:41,3
DA:48,1
DA:49,3
DA:59,1
DA:61,1
DA:62,1
DA:63,4
DA:70,1
DA:71,3
DA:83,1
DA:84,1
DA:85,4
LF:29
LH:29
end_of_record
SF:lib/main.dart
DA:5,0
DA:6,0
DA:10,3
DA:13,1
DA:15,1
DA:16,1
LF:6
LH:4
end_of_record
SF:lib/theme.dart
DA:3,3
DA:5,1
DA:6,1
DA:7,1
DA:8,1
DA:11,1
DA:12,1
DA:14,1
LF:8
LH:8
end_of_record
